<?xml version="1.0" encoding="UTF-8"?>
<!-- Generated by org.testng.reporters.JUnitReportReporter -->
<testsuite hostname="Srinivas-PC" failures="0" tests="1" name="DemoWebShop.TC01" time="8.250" errors="0" timestamp="2024-07-28T23:47:28 IST" skipped="0">
  <testcase classname="DemoWebShop.TC01" name="HomePageComponents" time="8.250"/>
  <system-out>
    <![CDATA[Test Execution Started
Navigated To DemoWebShop Page
User Logged In Successfully..!
Books WebElement is Displayed and Enabled
Computers WebElement is Displayed and Enabled
Electronics WebElement is Displayed and Enabled
ApparelAndShoes WebElement is Displayed and Enabled
DigitalDownloads WebElement is Displayed and Enabled
Jewelry WebElement is Displayed and Enabled
GiftCards WebElement is Displayed and Enabled
User's Email - Header Link is Displayed and Enabled
Logout - Header Link is Displayed and Enabled
Shopping Cart - Header Link is Displayed and Enabled
WishList - Header Link is Displayed and Enabled
Test Execution Successfully Executed..]]>
  </system-out>
</testsuite> <!-- DemoWebShop.TC01 -->
