<?xml version="1.0" encoding="UTF-8"?>
<!-- Generated by org.testng.reporters.JUnitReportReporter -->
<testsuite hostname="Srinivas-PC" failures="0" tests="11" name="DemoWebShop.TC01_HomePage" time="61.036" errors="0" timestamp="2024-05-16T02:19:25 IST" skipped="0">
  <testcase classname="DemoWebShop.TC01_HomePage" name="TC06_ApparelAndShoes" time="5.266"/>
  <system-out>
    <![CDATA[ApparelAndShoes WebElement is Displayed and Enabled]]>
  </system-out>
  <testcase classname="DemoWebShop.TC01_HomePage" name="TC08_Jewelry" time="5.703"/>
  <system-out>
    <![CDATA[Jewelry WebElement is Displayed and Enabled]]>
  </system-out>
  <testcase classname="DemoWebShop.TC01_HomePage" name="TC11_Logout" time="5.605"/>
  <system-out>
    <![CDATA[LOgout - Header Link is Displayed and Enabled]]>
  </system-out>
  <testcase classname="DemoWebShop.TC01_HomePage" name="TC05_Electronics" time="6.084"/>
  <system-out>
    <![CDATA[Electronics WebElement is Displayed and Enabled]]>
  </system-out>
  <testcase classname="DemoWebShop.TC01_HomePage" name="TC10_UsersEmail" time="5.270"/>
  <system-out>
    <![CDATA[User's Email - Header Link is Displayed and Enabled]]>
  </system-out>
  <testcase classname="DemoWebShop.TC01_HomePage" name="TC03_Book" time="5.158"/>
  <system-out>
    <![CDATA[Books WebElement is Displayed and Enabled]]>
  </system-out>
  <testcase classname="DemoWebShop.TC01_HomePage" name="TC09_GiftCards" time="5.895"/>
  <system-out>
    <![CDATA[GiftCards WebElement is Displayed and Enabled]]>
  </system-out>
  <testcase classname="DemoWebShop.TC01_HomePage" name="TC04_Computers" time="5.622"/>
  <system-out>
    <![CDATA[Computers WebElement is Displayed and Enabled]]>
  </system-out>
  <testcase classname="DemoWebShop.TC01_HomePage" name="TC01_Homepage" time="5.600"/>
  <system-out>
    <![CDATA[Navigated To DemoWebShop Page]]>
  </system-out>
  <testcase classname="DemoWebShop.TC01_HomePage" name="TC07_DigitalDownloads" time="5.378"/>
  <system-out>
    <![CDATA[DigitalDownloads WebElement is Displayed and Enabled]]>
  </system-out>
  <testcase classname="DemoWebShop.TC01_HomePage" name="TC02_LoggedInOrNot" time="5.455"/>
  <system-out>
    <![CDATA[User Logged In Successfully..!]]>
  </system-out>
</testsuite> <!-- DemoWebShop.TC01_HomePage -->
