<?xml version="1.0" encoding="UTF-8"?>
<!-- Generated by org.testng.reporters.JUnitReportReporter -->
<testsuite hostname="Srinivas-PC" failures="0" tests="2" name="DemoWebShop.TC02" time="82.818" errors="0" timestamp="2024-07-28T23:53:35 IST" skipped="0">
  <testcase classname="DemoWebShop.TC02" name="ComputingAndInternet" time="13.432"/>
  <system-out>
    <![CDATA[Test Execution Started
Test Execution Successfully Executed..]]>
  </system-out>
  <testcase classname="DemoWebShop.TC02" name="Fiction" time="69.386"/>
  <system-out>
    <![CDATA[Test Execution Started
Test Execution Successfully Executed..]]>
  </system-out>
</testsuite> <!-- DemoWebShop.TC02 -->
