<?xml version="1.0" encoding="UTF-8"?>
<!-- Generated by org.testng.reporters.JUnitReportReporter -->
<testsuite hostname="Srinivas-PC" failures="0" tests="1" name="DemoWebShop.AddToCart" time="39.935" errors="0" timestamp="2024-05-18T13:37:37 IST" skipped="0">
  <testcase classname="DemoWebShop.AddToCart" name="testCase" time="39.935"/>
  <system-out/>
</testsuite> <!-- DemoWebShop.AddToCart -->
