<?xml version="1.0" encoding="UTF-8"?>
<!-- Generated by org.testng.reporters.JUnitReportReporter -->
<testsuite hostname="Srinivas-PC" failures="0" tests="1" name="Basics.TestNG" time="0.025" errors="0" timestamp="2024-11-10T19:22:31 IST" skipped="0">
  <testcase classname="Basics.TestNG" name="Tc" time="0.025"/>
  <system-out/>
</testsuite> <!-- Basics.TestNG -->
