<?xml version="1.0" encoding="UTF-8"?>
<!-- Generated by org.testng.reporters.JUnitReportReporter -->
<testsuite hostname="Srinivas-PC" failures="0" tests="1" name="Program" time="20.073" errors="0" timestamp="2024-05-15T10:48:43 IST" skipped="0">
  <testcase classname="Program" name="testCase" time="20.073"/>
  <system-out/>
</testsuite> <!-- Program -->
