<?xml version="1.0" encoding="UTF-8"?>
<!-- Generated by org.testng.reporters.JUnitReportReporter -->
<testsuite hostname="Srinivas-PC" failures="0" tests="1" name="TestNG_Scripts.TC02" time="69.577" errors="0" timestamp="2024-05-13T22:26:15 IST" skipped="0">
  <testcase classname="TestNG_Scripts.TC02" name="TC01" time="69.577"/>
  <system-out>
    <![CDATA[Employee Account Created Successfully
Admin Account Created Successfully..
Logged Out Successfully..]]>
  </system-out>
</testsuite> <!-- TestNG_Scripts.TC02 -->
